2017-03-02T05:26:42.850481+00:00 app[web.1]: D, [2017-03-02T05:26:42.850430 #4] DEBUG -- : [e610bb80-04fa-4302-8d03-ebc1325eb12d]   [1m[36mUser Load (0.7ms)[0m  [1m[34mSELECT "users".* FROM "users" WHERE "users"."is_admin" = $1[0m  [["is_admin", false]]
2017-03-02T05:26:42.851363+00:00 app[web.1]: I, [2017-03-02T05:26:42.851308 #4]  INFO -- : [e610bb80-04fa-4302-8d03-ebc1325eb12d]   Rendered users/index_users.html.erb within layouts/application (4.1ms)
2017-03-02T05:26:42.852287+00:00 app[web.1]: I, [2017-03-02T05:26:42.852238 #4]  INFO -- : [e610bb80-04fa-4302-8d03-ebc1325eb12d] Completed 200 OK in 7ms (Views: 4.4ms | ActiveRecord: 1.2ms)
2017-03-02T05:26:42.895785+00:00 heroku[router]: at=info method=GET path="/assets/application-aae023824fa085e3c7a82900ec313d3c5ae9e6db7d7e9b935ee3d49a233e1cdb.js" host=intense-garden-50741.herokuapp.com request_id=aec83f38-557a-4901-9a55-db4d2bd60701 fwd="107.13.182.185" dyno=web.1 connect=0ms service=1ms status=304 bytes=48
2017-03-02T05:26:42.946295+00:00 heroku[router]: at=info method=GET path="/bank_banner.png" host=intense-garden-50741.herokuapp.com request_id=c435ef67-ca64-4fa9-a29e-0b2bb6a9e61b fwd="107.13.182.185" dyno=web.1 connect=0ms service=2ms status=304 bytes=48
2017-03-02T05:26:46.145371+00:00 heroku[router]: at=info method=GET path="/users/2" host=intense-garden-50741.herokuapp.com request_id=e26ec7ce-c103-45be-827f-731186658758 fwd="107.13.182.185" dyno=web.1 connect=0ms service=19ms status=500 bytes=1669
2017-03-02T05:26:46.128391+00:00 app[web.1]: I, [2017-03-02T05:26:46.128305 #4]  INFO -- : [e26ec7ce-c103-45be-827f-731186658758] Started GET "/users/2" for 107.13.182.185 at 2017-03-02 05:26:46 +0000
2017-03-02T05:26:46.129384+00:00 app[web.1]: I, [2017-03-02T05:26:46.129328 #4]  INFO -- : [e26ec7ce-c103-45be-827f-731186658758] Processing by UsersController#show as HTML
2017-03-02T05:26:46.129444+00:00 app[web.1]: I, [2017-03-02T05:26:46.129384 #4]  INFO -- : [e26ec7ce-c103-45be-827f-731186658758]   Parameters: {"id"=>"2"}
2017-03-02T05:26:46.133031+00:00 app[web.1]: I, [2017-03-02T05:26:46.132974 #4]  INFO -- : [e26ec7ce-c103-45be-827f-731186658758]   Rendering users/show.html.erb within layouts/application
2017-03-02T05:26:46.132211+00:00 app[web.1]: D, [2017-03-02T05:26:46.132147 #4] DEBUG -- : [e26ec7ce-c103-45be-827f-731186658758]   [1m[36mUser Load (0.6ms)[0m  [1m[34mSELECT  "users".* FROM "users" WHERE "users"."id" = $1 LIMIT $2[0m  [["id", 2], ["LIMIT", 1]]
2017-03-02T05:26:46.143045+00:00 app[web.1]: I, [2017-03-02T05:26:46.142956 #4]  INFO -- : [e26ec7ce-c103-45be-827f-731186658758]   Rendered users/show.html.erb within layouts/application (9.8ms)
2017-03-02T05:26:46.143371+00:00 app[web.1]: I, [2017-03-02T05:26:46.143317 #4]  INFO -- : [e26ec7ce-c103-45be-827f-731186658758] Completed 500 Internal Server Error in 14ms (ActiveRecord: 0.6ms)
2017-03-02T05:26:46.145152+00:00 app[web.1]: F, [2017-03-02T05:26:46.145084 #4] FATAL -- : [e26ec7ce-c103-45be-827f-731186658758]   
2017-03-02T05:26:46.145266+00:00 app[web.1]: F, [2017-03-02T05:26:46.145202 #4] FATAL -- : [e26ec7ce-c103-45be-827f-731186658758] ActionView::Template::Error (undefined method `accounts' for #<User:0x007fd95c1604f8>):
2017-03-02T05:26:46.145490+00:00 app[web.1]: F, [2017-03-02T05:26:46.145432 #4] FATAL -- : [e26ec7ce-c103-45be-827f-731186658758]     15:   </tr>
2017-03-02T05:26:46.145492+00:00 app[web.1]: [e26ec7ce-c103-45be-827f-731186658758]     16: </table>
2017-03-02T05:26:46.145493+00:00 app[web.1]: [e26ec7ce-c103-45be-827f-731186658758]     17: <h3>Sent Transactions</h3>
2017-03-02T05:26:46.145494+00:00 app[web.1]: [e26ec7ce-c103-45be-827f-731186658758]     18: <% user_accounts = @user.accounts.map{|a|a.id}%>
2017-03-02T05:26:46.145495+00:00 app[web.1]: [e26ec7ce-c103-45be-827f-731186658758]     19: <%= render 'transactions/transaction_table', transactions: Transaction.select{|t| user_accounts.include? t.from_account_id} %>
2017-03-02T05:26:46.145495+00:00 app[web.1]: [e26ec7ce-c103-45be-827f-731186658758]     20: <br>
2017-03-02T05:26:46.145496+00:00 app[web.1]: [e26ec7ce-c103-45be-827f-731186658758]     21: 
2017-03-02T05:26:46.145556+00:00 app[web.1]: F, [2017-03-02T05:26:46.145494 #4] FATAL -- : [e26ec7ce-c103-45be-827f-731186658758]   
2017-03-02T05:26:46.145623+00:00 app[web.1]: F, [2017-03-02T05:26:46.145569 #4] FATAL -- : [e26ec7ce-c103-45be-827f-731186658758] app/views/users/show.html.erb:18:in `_app_views_users_show_html_erb___2145728401705423033_70285776863400'
2017-03-02T05:26:46.177224+00:00 app[web.1]: I, [2017-03-02T05:26:46.177149 #4]  INFO -- : [a14887b4-b22b-4176-967d-9b2d8beaf83b] Started GET "/users/bank_banner.png" for 107.13.182.185 at 2017-03-02 05:26:46 +0000
2017-03-02T05:26:46.178181+00:00 app[web.1]: I, [2017-03-02T05:26:46.177718 #4]  INFO -- : [a14887b4-b22b-4176-967d-9b2d8beaf83b] Processing by UsersController#show as PNG
2017-03-02T05:26:46.178232+00:00 app[web.1]: I, [2017-03-02T05:26:46.178191 #4]  INFO -- : [a14887b4-b22b-4176-967d-9b2d8beaf83b]   Parameters: {"id"=>"bank_banner"}
2017-03-02T05:26:46.180061+00:00 app[web.1]: D, [2017-03-02T05:26:46.180010 #4] DEBUG -- : [a14887b4-b22b-4176-967d-9b2d8beaf83b]   [1m[36mUser Load (0.5ms)[0m  [1m[34mSELECT  "users".* FROM "users" WHERE "users"."id" = $1 LIMIT $2[0m  [["id", 0], ["LIMIT", 1]]
2017-03-02T05:26:46.181010+00:00 app[web.1]: I, [2017-03-02T05:26:46.180963 #4]  INFO -- : [a14887b4-b22b-4176-967d-9b2d8beaf83b] Completed 406 Not Acceptable in 2ms (ActiveRecord: 0.5ms)
2017-03-02T05:26:46.182143+00:00 app[web.1]: F, [2017-03-02T05:26:46.182104 #4] FATAL -- : [a14887b4-b22b-4176-967d-9b2d8beaf83b] ActionController::UnknownFormat (UsersController#show is missing a template for this request format and variant.
2017-03-02T05:26:46.182101+00:00 app[web.1]: F, [2017-03-02T05:26:46.182054 #4] FATAL -- : [a14887b4-b22b-4176-967d-9b2d8beaf83b]   
2017-03-02T05:26:46.182143+00:00 app[web.1]: 
2017-03-02T05:26:46.182144+00:00 app[web.1]: request.formats: ["image/png"]
2017-03-02T05:26:46.182188+00:00 app[web.1]: F, [2017-03-02T05:26:46.182142 #4] FATAL -- : [a14887b4-b22b-4176-967d-9b2d8beaf83b]   
2017-03-02T05:26:46.182145+00:00 app[web.1]: request.variant: []):
2017-03-02T05:26:46.182232+00:00 app[web.1]: F, [2017-03-02T05:26:46.182190 #4] FATAL -- : [a14887b4-b22b-4176-967d-9b2d8beaf83b] vendor/bundle/ruby/2.3.0/gems/actionpack-5.0.2/lib/action_controller/metal/implicit_render.rb:43:in `default_render'
2017-03-02T05:26:46.182233+00:00 app[web.1]: [a14887b4-b22b-4176-967d-9b2d8beaf83b] vendor/bundle/ruby/2.3.0/gems/actionpack-5.0.2/lib/action_controller/metal/basic_implicit_render.rb:4:in `block in send_action'
2017-03-02T05:26:46.182234+00:00 app[web.1]: [a14887b4-b22b-4176-967d-9b2d8beaf83b] vendor/bundle/ruby/2.3.0/gems/actionpack-5.0.2/lib/action_controller/metal/basic_implicit_render.rb:4:in `tap'
2017-03-02T05:26:46.182234+00:00 app[web.1]: [a14887b4-b22b-4176-967d-9b2d8beaf83b] vendor/bundle/ruby/2.3.0/gems/actionpack-5.0.2/lib/action_controller/metal/basic_implicit_render.rb:4:in `send_action'
2017-03-02T05:26:46.182235+00:00 app[web.1]: [a14887b4-b22b-4176-967d-9b2d8beaf83b] vendor/bundle/ruby/2.3.0/gems/actionpack-5.0.2/lib/abstract_controller/base.rb:188:in `process_action'
2017-03-02T05:26:46.182235+00:00 app[web.1]: [a14887b4-b22b-4176-967d-9b2d8beaf83b] vendor/bundle/ruby/2.3.0/gems/actionpack-5.0.2/lib/action_controller/metal/rendering.rb:30:in `process_action'
2017-03-02T05:26:46.182236+00:00 app[web.1]: [a14887b4-b22b-4176-967d-9b2d8beaf83b] vendor/bundle/ruby/2.3.0/gems/actionpack-5.0.2/lib/abstract_controller/callbacks.rb:20:in `block in process_action'
2017-03-02T05:26:46.182236+00:00 app[web.1]: [a14887b4-b22b-4176-967d-9b2d8beaf83b] vendor/bundle/ruby/2.3.0/gems/activesupport-5.0.2/lib/active_support/callbacks.rb:126:in `call'
2017-03-02T05:26:46.182238+00:00 app[web.1]: [a14887b4-b22b-4176-967d-9b2d8beaf83b] vendor/bundle/ruby/2.3.0/gems/activesupport-5.0.2/lib/active_support/callbacks.rb:506:in `block (2 levels) in compile'
2017-03-02T05:26:46.182239+00:00 app[web.1]: [a14887b4-b22b-4176-967d-9b2d8beaf83b] vendor/bundle/ruby/2.3.0/gems/activesupport-5.0.2/lib/active_support/callbacks.rb:455:in `call'
2017-03-02T05:26:46.182239+00:00 app[web.1]: [a14887b4-b22b-4176-967d-9b2d8beaf83b] vendor/bundle/ruby/2.3.0/gems/activesupport-5.0.2/lib/active_support/callbacks.rb:101:in `__run_callbacks__'
2017-03-02T05:26:46.182240+00:00 app[web.1]: [a14887b4-b22b-4176-967d-9b2d8beaf83b] vendor/bundle/ruby/2.3.0/gems/activesupport-5.0.2/lib/active_support/callbacks.rb:750:in `_run_process_action_callbacks'
2017-03-02T05:26:46.182240+00:00 app[web.1]: [a14887b4-b22b-4176-967d-9b2d8beaf83b] vendor/bundle/ruby/2.3.0/gems/activesupport-5.0.2/lib/active_support/callbacks.rb:90:in `run_callbacks'
2017-03-02T05:26:46.182241+00:00 app[web.1]: [a14887b4-b22b-4176-967d-9b2d8beaf83b] vendor/bundle/ruby/2.3.0/gems/actionpack-5.0.2/lib/abstract_controller/callbacks.rb:19:in `process_action'
2017-03-02T05:26:46.182241+00:00 app[web.1]: [a14887b4-b22b-4176-967d-9b2d8beaf83b] vendor/bundle/ruby/2.3.0/gems/actionpack-5.0.2/lib/action_controller/metal/rescue.rb:20:in `process_action'
2017-03-02T05:26:46.182242+00:00 app[web.1]: [a14887b4-b22b-4176-967d-9b2d8beaf83b] vendor/bundle/ruby/2.3.0/gems/actionpack-5.0.2/lib/action_controller/metal/instrumentation.rb:32:in `block in process_action'
2017-03-02T05:26:46.182242+00:00 app[web.1]: [a14887b4-b22b-4176-967d-9b2d8beaf83b] vendor/bundle/ruby/2.3.0/gems/activesupport-5.0.2/lib/active_support/notifications.rb:164:in `block in instrument'
2017-03-02T05:26:46.182243+00:00 app[web.1]: [a14887b4-b22b-4176-967d-9b2d8beaf83b] vendor/bundle/ruby/2.3.0/gems/activesupport-5.0.2/lib/active_support/notifications/instrumenter.rb:21:in `instrument'
2017-03-02T05:26:46.182244+00:00 app[web.1]: [a14887b4-b22b-4176-967d-9b2d8beaf83b] vendor/bundle/ruby/2.3.0/gems/activesupport-5.0.2/lib/active_support/notifications.rb:164:in `instrument'
2017-03-02T05:26:46.182244+00:00 app[web.1]: [a14887b4-b22b-4176-967d-9b2d8beaf83b] vendor/bundle/ruby/2.3.0/gems/actionpack-5.0.2/lib/action_controller/metal/instrumentation.rb:30:in `process_action'
2017-03-02T05:26:46.182245+00:00 app[web.1]: [a14887b4-b22b-4176-967d-9b2d8beaf83b] vendor/bundle/ruby/2.3.0/gems/activerecord-5.0.2/lib/active_record/railties/controller_runtime.rb:18:in `process_action'
2017-03-02T05:26:46.182244+00:00 app[web.1]: [a14887b4-b22b-4176-967d-9b2d8beaf83b] vendor/bundle/ruby/2.3.0/gems/actionpack-5.0.2/lib/action_controller/metal/params_wrapper.rb:248:in `process_action'
2017-03-02T05:26:46.182245+00:00 app[web.1]: [a14887b4-b22b-4176-967d-9b2d8beaf83b] vendor/bundle/ruby/2.3.0/gems/actionpack-5.0.2/lib/abstract_controller/base.rb:126:in `process'
2017-03-02T05:26:46.182246+00:00 app[web.1]: [a14887b4-b22b-4176-967d-9b2d8beaf83b] vendor/bundle/ruby/2.3.0/gems/actionview-5.0.2/lib/action_view/rendering.rb:30:in `process'
2017-03-02T05:26:46.182246+00:00 app[web.1]: [a14887b4-b22b-4176-967d-9b2d8beaf83b] vendor/bundle/ruby/2.3.0/gems/actionpack-5.0.2/lib/action_controller/metal.rb:190:in `dispatch'
2017-03-02T05:26:46.182246+00:00 app[web.1]: [a14887b4-b22b-4176-967d-9b2d8beaf83b] vendor/bundle/ruby/2.3.0/gems/actionpack-5.0.2/lib/action_controller/metal.rb:262:in `dispatch'
2017-03-02T05:26:46.182247+00:00 app[web.1]: [a14887b4-b22b-4176-967d-9b2d8beaf83b] vendor/bundle/ruby/2.3.0/gems/actionpack-5.0.2/lib/action_dispatch/routing/route_set.rb:50:in `dispatch'
2017-03-02T05:26:46.182248+00:00 app[web.1]: [a14887b4-b22b-4176-967d-9b2d8beaf83b] vendor/bundle/ruby/2.3.0/gems/actionpack-5.0.2/lib/action_dispatch/routing/route_set.rb:32:in `serve'
2017-03-02T05:26:46.182249+00:00 app[web.1]: [a14887b4-b22b-4176-967d-9b2d8beaf83b] vendor/bundle/ruby/2.3.0/gems/actionpack-5.0.2/lib/action_dispatch/journey/router.rb:39:in `block in serve'
2017-03-02T05:26:46.182250+00:00 app[web.1]: [a14887b4-b22b-4176-967d-9b2d8beaf83b] vendor/bundle/ruby/2.3.0/gems/actionpack-5.0.2/lib/action_dispatch/journey/router.rb:26:in `serve'
2017-03-02T05:26:46.182250+00:00 app[web.1]: [a14887b4-b22b-4176-967d-9b2d8beaf83b] vendor/bundle/ruby/2.3.0/gems/actionpack-5.0.2/lib/action_dispatch/routing/route_set.rb:725:in `call'
2017-03-02T05:26:46.182249+00:00 app[web.1]: [a14887b4-b22b-4176-967d-9b2d8beaf83b] vendor/bundle/ruby/2.3.0/gems/actionpack-5.0.2/lib/action_dispatch/journey/router.rb:26:in `each'
2017-03-02T05:26:46.182251+00:00 app[web.1]: [a14887b4-b22b-4176-967d-9b2d8beaf83b] vendor/bundle/ruby/2.3.0/gems/rack-2.0.1/lib/rack/etag.rb:25:in `call'
2017-03-02T05:26:46.182252+00:00 app[web.1]: [a14887b4-b22b-4176-967d-9b2d8beaf83b] vendor/bundle/ruby/2.3.0/gems/rack-2.0.1/lib/rack/conditional_get.rb:25:in `call'
2017-03-02T05:26:46.182252+00:00 app[web.1]: [a14887b4-b22b-4176-967d-9b2d8beaf83b] vendor/bundle/ruby/2.3.0/gems/rack-2.0.1/lib/rack/head.rb:12:in `call'
2017-03-02T05:26:46.182252+00:00 app[web.1]: [a14887b4-b22b-4176-967d-9b2d8beaf83b] vendor/bundle/ruby/2.3.0/gems/rack-2.0.1/lib/rack/session/abstract/id.rb:222:in `context'
2017-03-02T05:26:46.182253+00:00 app[web.1]: [a14887b4-b22b-4176-967d-9b2d8beaf83b] vendor/bundle/ruby/2.3.0/gems/rack-2.0.1/lib/rack/session/abstract/id.rb:216:in `call'
2017-03-02T05:26:46.182253+00:00 app[web.1]: [a14887b4-b22b-4176-967d-9b2d8beaf83b] vendor/bundle/ruby/2.3.0/gems/actionpack-5.0.2/lib/action_dispatch/middleware/cookies.rb:613:in `call'
2017-03-02T05:26:46.182254+00:00 app[web.1]: [a14887b4-b22b-4176-967d-9b2d8beaf83b] vendor/bundle/ruby/2.3.0/gems/actionpack-5.0.2/lib/action_dispatch/middleware/callbacks.rb:38:in `block in call'
2017-03-02T05:26:46.182254+00:00 app[web.1]: [a14887b4-b22b-4176-967d-9b2d8beaf83b] vendor/bundle/ruby/2.3.0/gems/activesupport-5.0.2/lib/active_support/callbacks.rb:97:in `__run_callbacks__'
2017-03-02T05:26:46.182255+00:00 app[web.1]: [a14887b4-b22b-4176-967d-9b2d8beaf83b] vendor/bundle/ruby/2.3.0/gems/activesupport-5.0.2/lib/active_support/callbacks.rb:90:in `run_callbacks'
2017-03-02T05:26:46.182255+00:00 app[web.1]: [a14887b4-b22b-4176-967d-9b2d8beaf83b] vendor/bundle/ruby/2.3.0/gems/activesupport-5.0.2/lib/active_support/callbacks.rb:750:in `_run_call_callbacks'
2017-03-02T05:26:46.182256+00:00 app[web.1]: [a14887b4-b22b-4176-967d-9b2d8beaf83b] vendor/bundle/ruby/2.3.0/gems/actionpack-5.0.2/lib/action_dispatch/middleware/callbacks.rb:36:in `call'
2017-03-02T05:26:46.182256+00:00 app[web.1]: [a14887b4-b22b-4176-967d-9b2d8beaf83b] vendor/bundle/ruby/2.3.0/gems/actionpack-5.0.2/lib/action_dispatch/middleware/remote_ip.rb:79:in `call'
2017-03-02T05:26:46.182257+00:00 app[web.1]: [a14887b4-b22b-4176-967d-9b2d8beaf83b] vendor/bundle/ruby/2.3.0/gems/actionpack-5.0.2/lib/action_dispatch/middleware/debug_exceptions.rb:49:in `call'
2017-03-02T05:26:46.182257+00:00 app[web.1]: [a14887b4-b22b-4176-967d-9b2d8beaf83b] vendor/bundle/ruby/2.3.0/gems/actionpack-5.0.2/lib/action_dispatch/middleware/show_exceptions.rb:31:in `call'
2017-03-02T05:26:46.182258+00:00 app[web.1]: [a14887b4-b22b-4176-967d-9b2d8beaf83b] vendor/bundle/ruby/2.3.0/gems/railties-5.0.2/lib/rails/rack/logger.rb:36:in `call_app'
2017-03-02T05:26:46.182258+00:00 app[web.1]: [a14887b4-b22b-4176-967d-9b2d8beaf83b] vendor/bundle/ruby/2.3.0/gems/railties-5.0.2/lib/rails/rack/logger.rb:24:in `block in call'
2017-03-02T05:26:46.182258+00:00 app[web.1]: [a14887b4-b22b-4176-967d-9b2d8beaf83b] vendor/bundle/ruby/2.3.0/gems/activesupport-5.0.2/lib/active_support/tagged_logging.rb:69:in `block in tagged'
2017-03-02T05:26:46.182259+00:00 app[web.1]: [a14887b4-b22b-4176-967d-9b2d8beaf83b] vendor/bundle/ruby/2.3.0/gems/activesupport-5.0.2/lib/active_support/tagged_logging.rb:26:in `tagged'
2017-03-02T05:26:46.182259+00:00 app[web.1]: [a14887b4-b22b-4176-967d-9b2d8beaf83b] vendor/bundle/ruby/2.3.0/gems/railties-5.0.2/lib/rails/rack/logger.rb:24:in `call'
2017-03-02T05:26:46.182259+00:00 app[web.1]: [a14887b4-b22b-4176-967d-9b2d8beaf83b] vendor/bundle/ruby/2.3.0/gems/activesupport-5.0.2/lib/active_support/tagged_logging.rb:69:in `tagged'
2017-03-02T05:26:46.182260+00:00 app[web.1]: [a14887b4-b22b-4176-967d-9b2d8beaf83b] vendor/bundle/ruby/2.3.0/gems/actionpack-5.0.2/lib/action_dispatch/middleware/request_id.rb:24:in `call'
2017-03-02T05:26:46.182260+00:00 app[web.1]: [a14887b4-b22b-4176-967d-9b2d8beaf83b] vendor/bundle/ruby/2.3.0/gems/rack-2.0.1/lib/rack/method_override.rb:22:in `call'
2017-03-02T05:26:46.182261+00:00 app[web.1]: [a14887b4-b22b-4176-967d-9b2d8beaf83b] vendor/bundle/ruby/2.3.0/gems/rack-2.0.1/lib/rack/runtime.rb:22:in `call'
2017-03-02T05:26:46.182261+00:00 app[web.1]: [a14887b4-b22b-4176-967d-9b2d8beaf83b] vendor/bundle/ruby/2.3.0/gems/activesupport-5.0.2/lib/active_support/cache/strategy/local_cache_middleware.rb:28:in `call'
2017-03-02T05:26:46.182269+00:00 app[web.1]: [a14887b4-b22b-4176-967d-9b2d8beaf83b] vendor/bundle/ruby/2.3.0/gems/actionpack-5.0.2/lib/action_dispatch/middleware/executor.rb:12:in `call'
2017-03-02T05:26:46.182270+00:00 app[web.1]: [a14887b4-b22b-4176-967d-9b2d8beaf83b] vendor/bundle/ruby/2.3.0/gems/actionpack-5.0.2/lib/action_dispatch/middleware/static.rb:136:in `call'
2017-03-02T05:26:46.182270+00:00 app[web.1]: [a14887b4-b22b-4176-967d-9b2d8beaf83b] vendor/bundle/ruby/2.3.0/gems/rack-2.0.1/lib/rack/sendfile.rb:111:in `call'
2017-03-02T05:26:46.182270+00:00 app[web.1]: [a14887b4-b22b-4176-967d-9b2d8beaf83b] vendor/bundle/ruby/2.3.0/gems/railties-5.0.2/lib/rails/engine.rb:522:in `call'
2017-03-02T05:26:46.182271+00:00 app[web.1]: [a14887b4-b22b-4176-967d-9b2d8beaf83b] vendor/bundle/ruby/2.3.0/gems/puma-3.7.1/lib/puma/configuration.rb:232:in `call'
2017-03-02T05:26:46.182271+00:00 app[web.1]: [a14887b4-b22b-4176-967d-9b2d8beaf83b] vendor/bundle/ruby/2.3.0/gems/puma-3.7.1/lib/puma/server.rb:578:in `handle_request'
2017-03-02T05:26:46.182272+00:00 app[web.1]: [a14887b4-b22b-4176-967d-9b2d8beaf83b] vendor/bundle/ruby/2.3.0/gems/puma-3.7.1/lib/puma/server.rb:415:in `process_client'
2017-03-02T05:26:46.182272+00:00 app[web.1]: [a14887b4-b22b-4176-967d-9b2d8beaf83b] vendor/bundle/ruby/2.3.0/gems/puma-3.7.1/lib/puma/server.rb:275:in `block in run'
2017-03-02T05:26:46.182273+00:00 app[web.1]: [a14887b4-b22b-4176-967d-9b2d8beaf83b] vendor/bundle/ruby/2.3.0/gems/puma-3.7.1/lib/puma/thread_pool.rb:120:in `block in spawn_thread'
2017-03-02T05:26:46.181585+00:00 heroku[router]: at=info method=GET path="/users/bank_banner.png" host=intense-garden-50741.herokuapp.com request_id=a14887b4-b22b-4176-967d-9b2d8beaf83b fwd="107.13.182.185" dyno=web.1 connect=0ms service=7ms status=406 bytes=182
